Error[113]   C:\DOCUMENTS AND SETTINGS\DANIEL M ROWAN.DAGAZ\MY DOCUMENTS\PERSONAL INFORMATION DATABASE, DAGAZ_MUTUAL\SCHOOL\COLLEGE\SENIOR PROJECT\SENIOR PROJECT CODE\PIC\EXPERIMENTAL CODE\A2D_GEN.ASM 14 : Symbol not previously defined (STATUS)
Error[113]   C:\DOCUMENTS AND SETTINGS\DANIEL M ROWAN.DAGAZ\MY DOCUMENTS\PERSONAL INFORMATION DATABASE, DAGAZ_MUTUAL\SCHOOL\COLLEGE\SENIOR PROJECT\SENIOR PROJECT CODE\PIC\EXPERIMENTAL CODE\A2D_GEN.ASM 14 : Symbol not previously defined (RP0)
Error[113]   C:\DOCUMENTS AND SETTINGS\DANIEL M ROWAN.DAGAZ\MY DOCUMENTS\PERSONAL INFORMATION DATABASE, DAGAZ_MUTUAL\SCHOOL\COLLEGE\SENIOR PROJECT\SENIOR PROJECT CODE\PIC\EXPERIMENTAL CODE\A2D_GEN.ASM 15 : Symbol not previously defined (STATUS)
Error[113]   C:\DOCUMENTS AND SETTINGS\DANIEL M ROWAN.DAGAZ\MY DOCUMENTS\PERSONAL INFORMATION DATABASE, DAGAZ_MUTUAL\SCHOOL\COLLEGE\SENIOR PROJECT\SENIOR PROJECT CODE\PIC\EXPERIMENTAL CODE\A2D_GEN.ASM 15 : Symbol not previously defined (RP1)
Error[113]   C:\DOCUMENTS AND SETTINGS\DANIEL M ROWAN.DAGAZ\MY DOCUMENTS\PERSONAL INFORMATION DATABASE, DAGAZ_MUTUAL\SCHOOL\COLLEGE\SENIOR PROJECT\SENIOR PROJECT CODE\PIC\EXPERIMENTAL CODE\A2D_GEN.ASM 17 : Symbol not previously defined (ADCON0)
Error[113]   C:\DOCUMENTS AND SETTINGS\DANIEL M ROWAN.DAGAZ\MY DOCUMENTS\PERSONAL INFORMATION DATABASE, DAGAZ_MUTUAL\SCHOOL\COLLEGE\SENIOR PROJECT\SENIOR PROJECT CODE\PIC\EXPERIMENTAL CODE\A2D_GEN.ASM 18 : Symbol not previously defined (ADCON0)
Error[113]   C:\DOCUMENTS AND SETTINGS\DANIEL M ROWAN.DAGAZ\MY DOCUMENTS\PERSONAL INFORMATION DATABASE, DAGAZ_MUTUAL\SCHOOL\COLLEGE\SENIOR PROJECT\SENIOR PROJECT CODE\PIC\EXPERIMENTAL CODE\A2D_GEN.ASM 31 : Symbol not previously defined (ADCON0)
Error[113]   C:\DOCUMENTS AND SETTINGS\DANIEL M ROWAN.DAGAZ\MY DOCUMENTS\PERSONAL INFORMATION DATABASE, DAGAZ_MUTUAL\SCHOOL\COLLEGE\SENIOR PROJECT\SENIOR PROJECT CODE\PIC\EXPERIMENTAL CODE\A2D_GEN.ASM 31 : Symbol not previously defined (GO)
Error[113]   C:\DOCUMENTS AND SETTINGS\DANIEL M ROWAN.DAGAZ\MY DOCUMENTS\PERSONAL INFORMATION DATABASE, DAGAZ_MUTUAL\SCHOOL\COLLEGE\SENIOR PROJECT\SENIOR PROJECT CODE\PIC\EXPERIMENTAL CODE\A2D_GEN.ASM 32 : Symbol not previously defined (ADCON0)
Error[113]   C:\DOCUMENTS AND SETTINGS\DANIEL M ROWAN.DAGAZ\MY DOCUMENTS\PERSONAL INFORMATION DATABASE, DAGAZ_MUTUAL\SCHOOL\COLLEGE\SENIOR PROJECT\SENIOR PROJECT CODE\PIC\EXPERIMENTAL CODE\A2D_GEN.ASM 32 : Symbol not previously defined (GO)
Error[113]   C:\DOCUMENTS AND SETTINGS\DANIEL M ROWAN.DAGAZ\MY DOCUMENTS\PERSONAL INFORMATION DATABASE, DAGAZ_MUTUAL\SCHOOL\COLLEGE\SENIOR PROJECT\SENIOR PROJECT CODE\PIC\EXPERIMENTAL CODE\A2D_GEN.ASM 37 : Symbol not previously defined (STORETYPE)
Error[113]   C:\DOCUMENTS AND SETTINGS\DANIEL M ROWAN.DAGAZ\MY DOCUMENTS\PERSONAL INFORMATION DATABASE, DAGAZ_MUTUAL\SCHOOL\COLLEGE\SENIOR PROJECT\SENIOR PROJECT CODE\PIC\EXPERIMENTAL CODE\A2D_GEN.ASM 39 : Symbol not previously defined (ADRESH)
Error[113]   C:\DOCUMENTS AND SETTINGS\DANIEL M ROWAN.DAGAZ\MY DOCUMENTS\PERSONAL INFORMATION DATABASE, DAGAZ_MUTUAL\SCHOOL\COLLEGE\SENIOR PROJECT\SENIOR PROJECT CODE\PIC\EXPERIMENTAL CODE\A2D_GEN.ASM 40 : Symbol not previously defined (STOREHIGH)
Error[113]   C:\DOCUMENTS AND SETTINGS\DANIEL M ROWAN.DAGAZ\MY DOCUMENTS\PERSONAL INFORMATION DATABASE, DAGAZ_MUTUAL\SCHOOL\COLLEGE\SENIOR PROJECT\SENIOR PROJECT CODE\PIC\EXPERIMENTAL CODE\A2D_GEN.ASM 42 : Symbol not previously defined (STATUS)
Error[113]   C:\DOCUMENTS AND SETTINGS\DANIEL M ROWAN.DAGAZ\MY DOCUMENTS\PERSONAL INFORMATION DATABASE, DAGAZ_MUTUAL\SCHOOL\COLLEGE\SENIOR PROJECT\SENIOR PROJECT CODE\PIC\EXPERIMENTAL CODE\A2D_GEN.ASM 42 : Symbol not previously defined (RP0)
Error[113]   C:\DOCUMENTS AND SETTINGS\DANIEL M ROWAN.DAGAZ\MY DOCUMENTS\PERSONAL INFORMATION DATABASE, DAGAZ_MUTUAL\SCHOOL\COLLEGE\SENIOR PROJECT\SENIOR PROJECT CODE\PIC\EXPERIMENTAL CODE\A2D_GEN.ASM 43 : Symbol not previously defined (STATUS)
Error[113]   C:\DOCUMENTS AND SETTINGS\DANIEL M ROWAN.DAGAZ\MY DOCUMENTS\PERSONAL INFORMATION DATABASE, DAGAZ_MUTUAL\SCHOOL\COLLEGE\SENIOR PROJECT\SENIOR PROJECT CODE\PIC\EXPERIMENTAL CODE\A2D_GEN.ASM 43 : Symbol not previously defined (RP1)
Error[113]   C:\DOCUMENTS AND SETTINGS\DANIEL M ROWAN.DAGAZ\MY DOCUMENTS\PERSONAL INFORMATION DATABASE, DAGAZ_MUTUAL\SCHOOL\COLLEGE\SENIOR PROJECT\SENIOR PROJECT CODE\PIC\EXPERIMENTAL CODE\A2D_GEN.ASM 45 : Symbol not previously defined (ADRESL)
Error[113]   C:\DOCUMENTS AND SETTINGS\DANIEL M ROWAN.DAGAZ\MY DOCUMENTS\PERSONAL INFORMATION DATABASE, DAGAZ_MUTUAL\SCHOOL\COLLEGE\SENIOR PROJECT\SENIOR PROJECT CODE\PIC\EXPERIMENTAL CODE\A2D_GEN.ASM 46 : Symbol not previously defined (STOREHIGH)
Error[113]   C:\DOCUMENTS AND SETTINGS\DANIEL M ROWAN.DAGAZ\MY DOCUMENTS\PERSONAL INFORMATION DATABASE, DAGAZ_MUTUAL\SCHOOL\COLLEGE\SENIOR PROJECT\SENIOR PROJECT CODE\PIC\EXPERIMENTAL CODE\A2D_GEN.ASM 48 : Symbol not previously defined (SER_DATA_OUT)
Error[129]   C:\DOCUMENTS AND SETTINGS\DANIEL M ROWAN.DAGAZ\MY DOCUMENTS\PERSONAL INFORMATION DATABASE, DAGAZ_MUTUAL\SCHOOL\COLLEGE\SENIOR PROJECT\SENIOR PROJECT CODE\PIC\EXPERIMENTAL CODE\A2D_GEN.ASM 52 : Expected (END)
